../phame_euvesicatoria_project/workdir/X._campestris_pv._aberrans_NCPPB_2986.contig	../phame_euvesicatoria_project/ref/X._campestris_pv._campestris_ATCC_33913_T.fasta	98.6647	1581	1674
../phame_euvesicatoria_project/workdir/X._campestris_pv._aberrans_NCPPB_2986.contig	../phame_euvesicatoria_project/workdir/X._perforans_DSM_18975_T.contig	85.9847	1326	1674
../phame_euvesicatoria_project/workdir/X._campestris_pv._aberrans_NCPPB_2986.contig	../phame_euvesicatoria_project/workdir/X._phaseoli_ATCC_49119_T.contig	85.8804	1317	1674
../phame_euvesicatoria_project/workdir/X._campestris_pv._aberrans_NCPPB_2986.contig	../phame_euvesicatoria_project/workdir/X._euvesicatoria_pv._euvesicatoria_LMG_27970_T.contig	85.8003	977	1674
../phame_euvesicatoria_project/workdir/X._campestris_pv._aberrans_NCPPB_2986.contig	../phame_euvesicatoria_project/workdir/X._cissicola_LMG21719_T.contig	85.7428	1276	1674
../phame_euvesicatoria_project/workdir/X._campestris_pv._aberrans_NCPPB_2986.contig	../phame_euvesicatoria_project/workdir/X._citri_LMG_9322_T.contig	85.648	1261	1674
../phame_euvesicatoria_project/workdir/X._campestris_pv._aberrans_NCPPB_2986.contig	../phame_euvesicatoria_project/workdir/X._axonopodis_LMG_982_T.contig	85.402	905	1674
../phame_euvesicatoria_project/workdir/X._campestris_pv._armoraciae_NCPPB_347.contig	../phame_euvesicatoria_project/ref/X._campestris_pv._campestris_ATCC_33913_T.fasta	98.1557	1537	1649
../phame_euvesicatoria_project/workdir/X._campestris_pv._armoraciae_NCPPB_347.contig	../phame_euvesicatoria_project/workdir/X._perforans_DSM_18975_T.contig	85.9828	1297	1649
../phame_euvesicatoria_project/workdir/X._campestris_pv._armoraciae_NCPPB_347.contig	../phame_euvesicatoria_project/workdir/X._phaseoli_ATCC_49119_T.contig	85.8754	1296	1649
../phame_euvesicatoria_project/workdir/X._campestris_pv._armoraciae_NCPPB_347.contig	../phame_euvesicatoria_project/workdir/X._cissicola_LMG21719_T.contig	85.8035	1229	1649
../phame_euvesicatoria_project/workdir/X._campestris_pv._armoraciae_NCPPB_347.contig	../phame_euvesicatoria_project/workdir/X._citri_LMG_9322_T.contig	85.7944	1242	1649
../phame_euvesicatoria_project/workdir/X._campestris_pv._armoraciae_NCPPB_347.contig	../phame_euvesicatoria_project/workdir/X._euvesicatoria_pv._euvesicatoria_LMG_27970_T.contig	85.7364	969	1649
../phame_euvesicatoria_project/workdir/X._campestris_pv._armoraciae_NCPPB_347.contig	../phame_euvesicatoria_project/workdir/X._axonopodis_LMG_982_T.contig	85.3801	905	1649
../phame_euvesicatoria_project/workdir/X._campestris_pv._barbareae_NCPPB_983.contig	../phame_euvesicatoria_project/ref/X._campestris_pv._campestris_ATCC_33913_T.fasta	97.3121	1539	1633
../phame_euvesicatoria_project/workdir/X._campestris_pv._barbareae_NCPPB_983.contig	../phame_euvesicatoria_project/workdir/X._perforans_DSM_18975_T.contig	85.9817	1319	1633
../phame_euvesicatoria_project/workdir/X._campestris_pv._barbareae_NCPPB_983.contig	../phame_euvesicatoria_project/workdir/X._phaseoli_ATCC_49119_T.contig	85.9495	1313	1633
../phame_euvesicatoria_project/workdir/X._campestris_pv._barbareae_NCPPB_983.contig	../phame_euvesicatoria_project/workdir/X._cissicola_LMG21719_T.contig	85.8981	1229	1633
../phame_euvesicatoria_project/workdir/X._campestris_pv._barbareae_NCPPB_983.contig	../phame_euvesicatoria_project/workdir/X._citri_LMG_9322_T.contig	85.8399	1246	1633
../phame_euvesicatoria_project/workdir/X._campestris_pv._barbareae_NCPPB_983.contig	../phame_euvesicatoria_project/workdir/X._euvesicatoria_pv._euvesicatoria_LMG_27970_T.contig	85.7931	962	1633
../phame_euvesicatoria_project/workdir/X._campestris_pv._barbareae_NCPPB_983.contig	../phame_euvesicatoria_project/workdir/X._axonopodis_LMG_982_T.contig	85.4414	901	1633
../phame_euvesicatoria_project/workdir/X._campestris_pv._incanae_NCPPB_937.contig	../phame_euvesicatoria_project/ref/X._campestris_pv._campestris_ATCC_33913_T.fasta	97.2924	1529	1611
../phame_euvesicatoria_project/workdir/X._campestris_pv._incanae_NCPPB_937.contig	../phame_euvesicatoria_project/workdir/X._perforans_DSM_18975_T.contig	85.9914	1316	1611
../phame_euvesicatoria_project/workdir/X._campestris_pv._incanae_NCPPB_937.contig	../phame_euvesicatoria_project/workdir/X._phaseoli_ATCC_49119_T.contig	85.892	1304	1611
../phame_euvesicatoria_project/workdir/X._campestris_pv._incanae_NCPPB_937.contig	../phame_euvesicatoria_project/workdir/X._citri_LMG_9322_T.contig	85.7914	1240	1611
../phame_euvesicatoria_project/workdir/X._campestris_pv._incanae_NCPPB_937.contig	../phame_euvesicatoria_project/workdir/X._cissicola_LMG21719_T.contig	85.7821	1232	1611
../phame_euvesicatoria_project/workdir/X._campestris_pv._incanae_NCPPB_937.contig	../phame_euvesicatoria_project/workdir/X._euvesicatoria_pv._euvesicatoria_LMG_27970_T.contig	85.7798	948	1611
../phame_euvesicatoria_project/workdir/X._campestris_pv._incanae_NCPPB_937.contig	../phame_euvesicatoria_project/workdir/X._axonopodis_LMG_982_T.contig	85.5506	901	1611
../phame_euvesicatoria_project/workdir/X._campestris_pv._papavericola_NCPPB_2970.contig	../phame_euvesicatoria_project/ref/X._campestris_pv._campestris_ATCC_33913_T.fasta	96.4932	1522	1813
../phame_euvesicatoria_project/workdir/X._campestris_pv._papavericola_NCPPB_2970.contig	../phame_euvesicatoria_project/workdir/X._perforans_DSM_18975_T.contig	85.8624	1342	1813
../phame_euvesicatoria_project/workdir/X._campestris_pv._papavericola_NCPPB_2970.contig	../phame_euvesicatoria_project/workdir/X._phaseoli_ATCC_49119_T.contig	85.7836	1340	1813
../phame_euvesicatoria_project/workdir/X._campestris_pv._papavericola_NCPPB_2970.contig	../phame_euvesicatoria_project/workdir/X._cissicola_LMG21719_T.contig	85.6993	1250	1813
../phame_euvesicatoria_project/workdir/X._campestris_pv._papavericola_NCPPB_2970.contig	../phame_euvesicatoria_project/workdir/X._euvesicatoria_pv._euvesicatoria_LMG_27970_T.contig	85.6633	963	1813
../phame_euvesicatoria_project/workdir/X._campestris_pv._papavericola_NCPPB_2970.contig	../phame_euvesicatoria_project/workdir/X._citri_LMG_9322_T.contig	85.603	1270	1813
../phame_euvesicatoria_project/workdir/X._campestris_pv._papavericola_NCPPB_2970.contig	../phame_euvesicatoria_project/workdir/X._axonopodis_LMG_982_T.contig	85.3508	915	1813
../phame_euvesicatoria_project/workdir/X._campestris_pv._plantaginis_NCPPB_1061.contig	../phame_euvesicatoria_project/ref/X._campestris_pv._campestris_ATCC_33913_T.fasta	96.4461	1499	1703
../phame_euvesicatoria_project/workdir/X._campestris_pv._plantaginis_NCPPB_1061.contig	../phame_euvesicatoria_project/workdir/X._perforans_DSM_18975_T.contig	85.9436	1341	1703
../phame_euvesicatoria_project/workdir/X._campestris_pv._plantaginis_NCPPB_1061.contig	../phame_euvesicatoria_project/workdir/X._cissicola_LMG21719_T.contig	85.8974	1253	1703
../phame_euvesicatoria_project/workdir/X._campestris_pv._plantaginis_NCPPB_1061.contig	../phame_euvesicatoria_project/workdir/X._euvesicatoria_pv._euvesicatoria_LMG_27970_T.contig	85.8772	989	1703
../phame_euvesicatoria_project/workdir/X._campestris_pv._plantaginis_NCPPB_1061.contig	../phame_euvesicatoria_project/workdir/X._phaseoli_ATCC_49119_T.contig	85.7912	1347	1703
../phame_euvesicatoria_project/workdir/X._campestris_pv._plantaginis_NCPPB_1061.contig	../phame_euvesicatoria_project/workdir/X._citri_LMG_9322_T.contig	85.7785	1254	1703
../phame_euvesicatoria_project/workdir/X._campestris_pv._plantaginis_NCPPB_1061.contig	../phame_euvesicatoria_project/workdir/X._axonopodis_LMG_982_T.contig	85.402	916	1703
../phame_euvesicatoria_project/workdir/X._campestris_pv._raphani_NCPPB_1946.contig	../phame_euvesicatoria_project/ref/X._campestris_pv._campestris_ATCC_33913_T.fasta	97.2301	1522	1605
../phame_euvesicatoria_project/workdir/X._campestris_pv._raphani_NCPPB_1946.contig	../phame_euvesicatoria_project/workdir/X._perforans_DSM_18975_T.contig	85.9039	1302	1605
../phame_euvesicatoria_project/workdir/X._campestris_pv._raphani_NCPPB_1946.contig	../phame_euvesicatoria_project/workdir/X._euvesicatoria_pv._euvesicatoria_LMG_27970_T.contig	85.8277	951	1605
../phame_euvesicatoria_project/workdir/X._campestris_pv._raphani_NCPPB_1946.contig	../phame_euvesicatoria_project/workdir/X._phaseoli_ATCC_49119_T.contig	85.7982	1306	1605
../phame_euvesicatoria_project/workdir/X._campestris_pv._raphani_NCPPB_1946.contig	../phame_euvesicatoria_project/workdir/X._citri_LMG_9322_T.contig	85.7192	1245	1605
../phame_euvesicatoria_project/workdir/X._campestris_pv._raphani_NCPPB_1946.contig	../phame_euvesicatoria_project/workdir/X._cissicola_LMG21719_T.contig	85.6589	1211	1605
../phame_euvesicatoria_project/workdir/X._campestris_pv._raphani_NCPPB_1946.contig	../phame_euvesicatoria_project/workdir/X._axonopodis_LMG_982_T.contig	85.3438	900	1605
../phame_euvesicatoria_project/workdir/X._euvesicatoria_pv._alangii_NCPPB_1336.contig	../phame_euvesicatoria_project/workdir/X._perforans_DSM_18975_T.contig	98.6349	1553	1653
../phame_euvesicatoria_project/workdir/X._euvesicatoria_pv._alangii_NCPPB_1336.contig	../phame_euvesicatoria_project/workdir/X._euvesicatoria_pv._euvesicatoria_LMG_27970_T.contig	98.0098	1083	1653
../phame_euvesicatoria_project/workdir/X._euvesicatoria_pv._alangii_NCPPB_1336.contig	../phame_euvesicatoria_project/workdir/X._cissicola_LMG21719_T.contig	94.4221	1384	1653
../phame_euvesicatoria_project/workdir/X._euvesicatoria_pv._alangii_NCPPB_1336.contig	../phame_euvesicatoria_project/workdir/X._citri_LMG_9322_T.contig	94.325	1423	1653
../phame_euvesicatoria_project/workdir/X._euvesicatoria_pv._alangii_NCPPB_1336.contig	../phame_euvesicatoria_project/workdir/X._phaseoli_ATCC_49119_T.contig	94.1751	1506	1653
../phame_euvesicatoria_project/workdir/X._euvesicatoria_pv._alangii_NCPPB_1336.contig	../phame_euvesicatoria_project/workdir/X._axonopodis_LMG_982_T.contig	93.2284	995	1653
../phame_euvesicatoria_project/workdir/X._euvesicatoria_pv._alangii_NCPPB_1336.contig	../phame_euvesicatoria_project/ref/X._campestris_pv._campestris_ATCC_33913_T.fasta	85.8588	1302	1653
../phame_euvesicatoria_project/workdir/X._euvesicatoria_pv._physalidis_NCPPB1756.contig	../phame_euvesicatoria_project/workdir/X._euvesicatoria_pv._euvesicatoria_LMG_27970_T.contig	98.7399	1139	1690
../phame_euvesicatoria_project/workdir/X._euvesicatoria_pv._physalidis_NCPPB1756.contig	../phame_euvesicatoria_project/workdir/X._perforans_DSM_18975_T.contig	98.5597	1543	1690
../phame_euvesicatoria_project/workdir/X._euvesicatoria_pv._physalidis_NCPPB1756.contig	../phame_euvesicatoria_project/workdir/X._cissicola_LMG21719_T.contig	94.3929	1392	1690
../phame_euvesicatoria_project/workdir/X._euvesicatoria_pv._physalidis_NCPPB1756.contig	../phame_euvesicatoria_project/workdir/X._citri_LMG_9322_T.contig	94.3139	1424	1690
../phame_euvesicatoria_project/workdir/X._euvesicatoria_pv._physalidis_NCPPB1756.contig	../phame_euvesicatoria_project/workdir/X._phaseoli_ATCC_49119_T.contig	94.0982	1501	1690
../phame_euvesicatoria_project/workdir/X._euvesicatoria_pv._physalidis_NCPPB1756.contig	../phame_euvesicatoria_project/workdir/X._axonopodis_LMG_982_T.contig	93.1323	1004	1690
../phame_euvesicatoria_project/workdir/X._euvesicatoria_pv._physalidis_NCPPB1756.contig	../phame_euvesicatoria_project/ref/X._campestris_pv._campestris_ATCC_33913_T.fasta	85.9213	1326	1690
../phame_euvesicatoria_project/workdir/[X._axonopodis]_pv._passiflorae_NCPPB_2346.contig	../phame_euvesicatoria_project/workdir/X._phaseoli_ATCC_49119_T.contig	98.1571	1550	1641
../phame_euvesicatoria_project/workdir/[X._axonopodis]_pv._passiflorae_NCPPB_2346.contig	../phame_euvesicatoria_project/workdir/X._perforans_DSM_18975_T.contig	94.2886	1488	1641
../phame_euvesicatoria_project/workdir/[X._axonopodis]_pv._passiflorae_NCPPB_2346.contig	../phame_euvesicatoria_project/workdir/X._euvesicatoria_pv._euvesicatoria_LMG_27970_T.contig	93.8638	1067	1641
../phame_euvesicatoria_project/workdir/[X._axonopodis]_pv._passiflorae_NCPPB_2346.contig	../phame_euvesicatoria_project/workdir/X._citri_LMG_9322_T.contig	93.6516	1392	1641
../phame_euvesicatoria_project/workdir/[X._axonopodis]_pv._passiflorae_NCPPB_2346.contig	../phame_euvesicatoria_project/workdir/X._cissicola_LMG21719_T.contig	93.6497	1371	1641
../phame_euvesicatoria_project/workdir/[X._axonopodis]_pv._passiflorae_NCPPB_2346.contig	../phame_euvesicatoria_project/workdir/X._axonopodis_LMG_982_T.contig	93.4164	999	1641
../phame_euvesicatoria_project/workdir/[X._axonopodis]_pv._passiflorae_NCPPB_2346.contig	../phame_euvesicatoria_project/ref/X._campestris_pv._campestris_ATCC_33913_T.fasta	85.9578	1307	1641
../phame_euvesicatoria_project/workdir/[X._campestris]_pv._blepharidis_NCPPB_1757.contig	../phame_euvesicatoria_project/workdir/X._perforans_DSM_18975_T.contig	98.581	1561	1628
../phame_euvesicatoria_project/workdir/[X._campestris]_pv._blepharidis_NCPPB_1757.contig	../phame_euvesicatoria_project/workdir/X._euvesicatoria_pv._euvesicatoria_LMG_27970_T.contig	97.8989	1090	1628
../phame_euvesicatoria_project/workdir/[X._campestris]_pv._blepharidis_NCPPB_1757.contig	../phame_euvesicatoria_project/workdir/X._cissicola_LMG21719_T.contig	94.4965	1375	1628
../phame_euvesicatoria_project/workdir/[X._campestris]_pv._blepharidis_NCPPB_1757.contig	../phame_euvesicatoria_project/workdir/X._citri_LMG_9322_T.contig	94.4537	1423	1628
../phame_euvesicatoria_project/workdir/[X._campestris]_pv._blepharidis_NCPPB_1757.contig	../phame_euvesicatoria_project/workdir/X._phaseoli_ATCC_49119_T.contig	94.1139	1505	1628
../phame_euvesicatoria_project/workdir/[X._campestris]_pv._blepharidis_NCPPB_1757.contig	../phame_euvesicatoria_project/workdir/X._axonopodis_LMG_982_T.contig	93.2026	995	1628
../phame_euvesicatoria_project/workdir/[X._campestris]_pv._blepharidis_NCPPB_1757.contig	../phame_euvesicatoria_project/ref/X._campestris_pv._campestris_ATCC_33913_T.fasta	85.8643	1297	1628
../phame_euvesicatoria_project/workdir/[X._campestris]_pv._carissae_NCPPB_2373.contig	../phame_euvesicatoria_project/workdir/X._perforans_DSM_18975_T.contig	98.2743	1501	1631
../phame_euvesicatoria_project/workdir/[X._campestris]_pv._carissae_NCPPB_2373.contig	../phame_euvesicatoria_project/workdir/X._euvesicatoria_pv._euvesicatoria_LMG_27970_T.contig	97.5352	1074	1631
../phame_euvesicatoria_project/workdir/[X._campestris]_pv._carissae_NCPPB_2373.contig	../phame_euvesicatoria_project/workdir/X._cissicola_LMG21719_T.contig	94.8331	1379	1631
../phame_euvesicatoria_project/workdir/[X._campestris]_pv._carissae_NCPPB_2373.contig	../phame_euvesicatoria_project/workdir/X._citri_LMG_9322_T.contig	94.727	1403	1631
../phame_euvesicatoria_project/workdir/[X._campestris]_pv._carissae_NCPPB_2373.contig	../phame_euvesicatoria_project/workdir/X._phaseoli_ATCC_49119_T.contig	94.1249	1472	1631
../phame_euvesicatoria_project/workdir/[X._campestris]_pv._carissae_NCPPB_2373.contig	../phame_euvesicatoria_project/workdir/X._axonopodis_LMG_982_T.contig	93.151	990	1631
../phame_euvesicatoria_project/workdir/[X._campestris]_pv._carissae_NCPPB_2373.contig	../phame_euvesicatoria_project/ref/X._campestris_pv._campestris_ATCC_33913_T.fasta	85.7965	1289	1631
../phame_euvesicatoria_project/workdir/[X._campestris]_pv._clerodendri_NCPPB_575.contig	../phame_euvesicatoria_project/workdir/X._perforans_DSM_18975_T.contig	98.5875	1576	1679
../phame_euvesicatoria_project/workdir/[X._campestris]_pv._clerodendri_NCPPB_575.contig	../phame_euvesicatoria_project/workdir/X._euvesicatoria_pv._euvesicatoria_LMG_27970_T.contig	97.9778	1100	1679
../phame_euvesicatoria_project/workdir/[X._campestris]_pv._clerodendri_NCPPB_575.contig	../phame_euvesicatoria_project/workdir/X._cissicola_LMG21719_T.contig	94.4178	1399	1679
../phame_euvesicatoria_project/workdir/[X._campestris]_pv._clerodendri_NCPPB_575.contig	../phame_euvesicatoria_project/workdir/X._citri_LMG_9322_T.contig	94.3059	1435	1679
../phame_euvesicatoria_project/workdir/[X._campestris]_pv._clerodendri_NCPPB_575.contig	../phame_euvesicatoria_project/workdir/X._phaseoli_ATCC_49119_T.contig	94.0834	1521	1679
../phame_euvesicatoria_project/workdir/[X._campestris]_pv._clerodendri_NCPPB_575.contig	../phame_euvesicatoria_project/workdir/X._axonopodis_LMG_982_T.contig	93.1704	993	1679
../phame_euvesicatoria_project/workdir/[X._campestris]_pv._clerodendri_NCPPB_575.contig	../phame_euvesicatoria_project/ref/X._campestris_pv._campestris_ATCC_33913_T.fasta	85.8533	1330	1679
../phame_euvesicatoria_project/workdir/[X._campestris]_pv._convolvuli_NCPPB_2498.contig	../phame_euvesicatoria_project/workdir/X._perforans_DSM_18975_T.contig	98.5475	1541	1632
../phame_euvesicatoria_project/workdir/[X._campestris]_pv._convolvuli_NCPPB_2498.contig	../phame_euvesicatoria_project/workdir/X._euvesicatoria_pv._euvesicatoria_LMG_27970_T.contig	98.1263	1101	1632
../phame_euvesicatoria_project/workdir/[X._campestris]_pv._convolvuli_NCPPB_2498.contig	../phame_euvesicatoria_project/workdir/X._cissicola_LMG21719_T.contig	94.5328	1368	1632
../phame_euvesicatoria_project/workdir/[X._campestris]_pv._convolvuli_NCPPB_2498.contig	../phame_euvesicatoria_project/workdir/X._citri_LMG_9322_T.contig	94.495	1396	1632
../phame_euvesicatoria_project/workdir/[X._campestris]_pv._convolvuli_NCPPB_2498.contig	../phame_euvesicatoria_project/workdir/X._phaseoli_ATCC_49119_T.contig	94.1397	1486	1632
../phame_euvesicatoria_project/workdir/[X._campestris]_pv._convolvuli_NCPPB_2498.contig	../phame_euvesicatoria_project/workdir/X._axonopodis_LMG_982_T.contig	93.2035	1002	1632
../phame_euvesicatoria_project/workdir/[X._campestris]_pv._convolvuli_NCPPB_2498.contig	../phame_euvesicatoria_project/ref/X._campestris_pv._campestris_ATCC_33913_T.fasta	85.9302	1297	1632
../phame_euvesicatoria_project/workdir/[X._campestris]_pv._coriandri_NCPPB_1758.contig	../phame_euvesicatoria_project/workdir/X._perforans_DSM_18975_T.contig	98.715	1573	1667
../phame_euvesicatoria_project/workdir/[X._campestris]_pv._coriandri_NCPPB_1758.contig	../phame_euvesicatoria_project/workdir/X._euvesicatoria_pv._euvesicatoria_LMG_27970_T.contig	97.9767	1092	1667
../phame_euvesicatoria_project/workdir/[X._campestris]_pv._coriandri_NCPPB_1758.contig	../phame_euvesicatoria_project/workdir/X._citri_LMG_9322_T.contig	94.4694	1421	1667
../phame_euvesicatoria_project/workdir/[X._campestris]_pv._coriandri_NCPPB_1758.contig	../phame_euvesicatoria_project/workdir/X._cissicola_LMG21719_T.contig	94.4694	1404	1667
../phame_euvesicatoria_project/workdir/[X._campestris]_pv._coriandri_NCPPB_1758.contig	../phame_euvesicatoria_project/workdir/X._phaseoli_ATCC_49119_T.contig	94.0999	1515	1667
../phame_euvesicatoria_project/workdir/[X._campestris]_pv._coriandri_NCPPB_1758.contig	../phame_euvesicatoria_project/workdir/X._axonopodis_LMG_982_T.contig	93.2396	995	1667
../phame_euvesicatoria_project/workdir/[X._campestris]_pv._coriandri_NCPPB_1758.contig	../phame_euvesicatoria_project/ref/X._campestris_pv._campestris_ATCC_33913_T.fasta	85.892	1319	1667
../phame_euvesicatoria_project/workdir/[X._campestris]_pv._daturae_NCPPB_2932.contig	../phame_euvesicatoria_project/workdir/X._euvesicatoria_pv._euvesicatoria_LMG_27970_T.contig	98.7251	1122	1701
../phame_euvesicatoria_project/workdir/[X._campestris]_pv._daturae_NCPPB_2932.contig	../phame_euvesicatoria_project/workdir/X._perforans_DSM_18975_T.contig	98.4875	1560	1701
../phame_euvesicatoria_project/workdir/[X._campestris]_pv._daturae_NCPPB_2932.contig	../phame_euvesicatoria_project/workdir/X._cissicola_LMG21719_T.contig	94.4467	1397	1701
../phame_euvesicatoria_project/workdir/[X._campestris]_pv._daturae_NCPPB_2932.contig	../phame_euvesicatoria_project/workdir/X._citri_LMG_9322_T.contig	94.2739	1425	1701
../phame_euvesicatoria_project/workdir/[X._campestris]_pv._daturae_NCPPB_2932.contig	../phame_euvesicatoria_project/workdir/X._phaseoli_ATCC_49119_T.contig	94.0068	1510	1701
../phame_euvesicatoria_project/workdir/[X._campestris]_pv._daturae_NCPPB_2932.contig	../phame_euvesicatoria_project/workdir/X._axonopodis_LMG_982_T.contig	93.1688	990	1701
../phame_euvesicatoria_project/workdir/[X._campestris]_pv._daturae_NCPPB_2932.contig	../phame_euvesicatoria_project/ref/X._campestris_pv._campestris_ATCC_33913_T.fasta	85.8469	1327	1701
../phame_euvesicatoria_project/workdir/[X._campestris]_pv._euphorbiae_NCPPB_1828.contig	../phame_euvesicatoria_project/workdir/X._perforans_DSM_18975_T.contig	98.2059	1548	1631
../phame_euvesicatoria_project/workdir/[X._campestris]_pv._euphorbiae_NCPPB_1828.contig	../phame_euvesicatoria_project/workdir/X._euvesicatoria_pv._euvesicatoria_LMG_27970_T.contig	97.5744	1091	1631
../phame_euvesicatoria_project/workdir/[X._campestris]_pv._euphorbiae_NCPPB_1828.contig	../phame_euvesicatoria_project/workdir/X._citri_LMG_9322_T.contig	94.4062	1432	1631
../phame_euvesicatoria_project/workdir/[X._campestris]_pv._euphorbiae_NCPPB_1828.contig	../phame_euvesicatoria_project/workdir/X._cissicola_LMG21719_T.contig	94.3891	1391	1631
../phame_euvesicatoria_project/workdir/[X._campestris]_pv._euphorbiae_NCPPB_1828.contig	../phame_euvesicatoria_project/workdir/X._phaseoli_ATCC_49119_T.contig	94.104	1507	1631
../phame_euvesicatoria_project/workdir/[X._campestris]_pv._euphorbiae_NCPPB_1828.contig	../phame_euvesicatoria_project/workdir/X._axonopodis_LMG_982_T.contig	93.2663	988	1631
../phame_euvesicatoria_project/workdir/[X._campestris]_pv._euphorbiae_NCPPB_1828.contig	../phame_euvesicatoria_project/ref/X._campestris_pv._campestris_ATCC_33913_T.fasta	85.9091	1319	1631
../phame_euvesicatoria_project/workdir/[X._campestris]_pv._fici_NCPPB_2372.contig	../phame_euvesicatoria_project/workdir/X._perforans_DSM_18975_T.contig	98.6034	1496	1580
../phame_euvesicatoria_project/workdir/[X._campestris]_pv._fici_NCPPB_2372.contig	../phame_euvesicatoria_project/workdir/X._euvesicatoria_pv._euvesicatoria_LMG_27970_T.contig	97.9975	1061	1580
../phame_euvesicatoria_project/workdir/[X._campestris]_pv._fici_NCPPB_2372.contig	../phame_euvesicatoria_project/workdir/X._cissicola_LMG21719_T.contig	94.489	1342	1580
../phame_euvesicatoria_project/workdir/[X._campestris]_pv._fici_NCPPB_2372.contig	../phame_euvesicatoria_project/workdir/X._citri_LMG_9322_T.contig	94.4002	1374	1580
../phame_euvesicatoria_project/workdir/[X._campestris]_pv._fici_NCPPB_2372.contig	../phame_euvesicatoria_project/workdir/X._phaseoli_ATCC_49119_T.contig	94.1909	1455	1580
../phame_euvesicatoria_project/workdir/[X._campestris]_pv._fici_NCPPB_2372.contig	../phame_euvesicatoria_project/workdir/X._axonopodis_LMG_982_T.contig	93.0972	974	1580
../phame_euvesicatoria_project/workdir/[X._campestris]_pv._fici_NCPPB_2372.contig	../phame_euvesicatoria_project/ref/X._campestris_pv._campestris_ATCC_33913_T.fasta	85.9136	1277	1580
../phame_euvesicatoria_project/workdir/[X._campestris]_pv._heliotropii_NCPPB_2057.contig	../phame_euvesicatoria_project/workdir/X._perforans_DSM_18975_T.contig	98.0223	1520	1659
../phame_euvesicatoria_project/workdir/[X._campestris]_pv._heliotropii_NCPPB_2057.contig	../phame_euvesicatoria_project/workdir/X._euvesicatoria_pv._euvesicatoria_LMG_27970_T.contig	97.5284	1090	1659
../phame_euvesicatoria_project/workdir/[X._campestris]_pv._heliotropii_NCPPB_2057.contig	../phame_euvesicatoria_project/workdir/X._cissicola_LMG21719_T.contig	94.4566	1369	1659
../phame_euvesicatoria_project/workdir/[X._campestris]_pv._heliotropii_NCPPB_2057.contig	../phame_euvesicatoria_project/workdir/X._citri_LMG_9322_T.contig	94.3143	1380	1659
../phame_euvesicatoria_project/workdir/[X._campestris]_pv._heliotropii_NCPPB_2057.contig	../phame_euvesicatoria_project/workdir/X._phaseoli_ATCC_49119_T.contig	94.0625	1489	1659
../phame_euvesicatoria_project/workdir/[X._campestris]_pv._heliotropii_NCPPB_2057.contig	../phame_euvesicatoria_project/workdir/X._axonopodis_LMG_982_T.contig	93.1717	992	1659
../phame_euvesicatoria_project/workdir/[X._campestris]_pv._heliotropii_NCPPB_2057.contig	../phame_euvesicatoria_project/ref/X._campestris_pv._campestris_ATCC_33913_T.fasta	85.9709	1311	1659
../phame_euvesicatoria_project/workdir/[X._campestris]_pv._ionidii_NCPPB_1334.contig	../phame_euvesicatoria_project/workdir/X._perforans_DSM_18975_T.contig	98.5932	1553	1632
../phame_euvesicatoria_project/workdir/[X._campestris]_pv._ionidii_NCPPB_1334.contig	../phame_euvesicatoria_project/workdir/X._euvesicatoria_pv._euvesicatoria_LMG_27970_T.contig	97.9187	1088	1632
../phame_euvesicatoria_project/workdir/[X._campestris]_pv._ionidii_NCPPB_1334.contig	../phame_euvesicatoria_project/workdir/X._cissicola_LMG21719_T.contig	94.4376	1362	1632
../phame_euvesicatoria_project/workdir/[X._campestris]_pv._ionidii_NCPPB_1334.contig	../phame_euvesicatoria_project/workdir/X._citri_LMG_9322_T.contig	94.3753	1403	1632
../phame_euvesicatoria_project/workdir/[X._campestris]_pv._ionidii_NCPPB_1334.contig	../phame_euvesicatoria_project/workdir/X._phaseoli_ATCC_49119_T.contig	94.0777	1505	1632
../phame_euvesicatoria_project/workdir/[X._campestris]_pv._ionidii_NCPPB_1334.contig	../phame_euvesicatoria_project/workdir/X._axonopodis_LMG_982_T.contig	93.2103	993	1632
../phame_euvesicatoria_project/workdir/[X._campestris]_pv._ionidii_NCPPB_1334.contig	../phame_euvesicatoria_project/ref/X._campestris_pv._campestris_ATCC_33913_T.fasta	85.8824	1303	1632
../phame_euvesicatoria_project/workdir/[X._campestris]_pv._lawsoniae_NCPPB_579.contig	../phame_euvesicatoria_project/workdir/X._perforans_DSM_18975_T.contig	98.7045	1538	1624
../phame_euvesicatoria_project/workdir/[X._campestris]_pv._lawsoniae_NCPPB_579.contig	../phame_euvesicatoria_project/workdir/X._euvesicatoria_pv._euvesicatoria_LMG_27970_T.contig	98.0414	1085	1624
../phame_euvesicatoria_project/workdir/[X._campestris]_pv._lawsoniae_NCPPB_579.contig	../phame_euvesicatoria_project/workdir/X._cissicola_LMG21719_T.contig	94.4522	1370	1624
../phame_euvesicatoria_project/workdir/[X._campestris]_pv._lawsoniae_NCPPB_579.contig	../phame_euvesicatoria_project/workdir/X._citri_LMG_9322_T.contig	94.4494	1405	1624
../phame_euvesicatoria_project/workdir/[X._campestris]_pv._lawsoniae_NCPPB_579.contig	../phame_euvesicatoria_project/workdir/X._phaseoli_ATCC_49119_T.contig	94.1239	1492	1624
../phame_euvesicatoria_project/workdir/[X._campestris]_pv._lawsoniae_NCPPB_579.contig	../phame_euvesicatoria_project/workdir/X._axonopodis_LMG_982_T.contig	93.198	1006	1624
../phame_euvesicatoria_project/workdir/[X._campestris]_pv._lawsoniae_NCPPB_579.contig	../phame_euvesicatoria_project/ref/X._campestris_pv._campestris_ATCC_33913_T.fasta	85.8988	1291	1624
../phame_euvesicatoria_project/workdir/[X._campestris]_pv._merremiae_NCPPB_3114.contig	../phame_euvesicatoria_project/workdir/X._citri_LMG_9322_T.contig	96.1968	1468	1672
../phame_euvesicatoria_project/workdir/[X._campestris]_pv._merremiae_NCPPB_3114.contig	../phame_euvesicatoria_project/workdir/X._cissicola_LMG21719_T.contig	96.1704	1427	1672
../phame_euvesicatoria_project/workdir/[X._campestris]_pv._merremiae_NCPPB_3114.contig	../phame_euvesicatoria_project/workdir/X._perforans_DSM_18975_T.contig	94.3613	1507	1672
../phame_euvesicatoria_project/workdir/[X._campestris]_pv._merremiae_NCPPB_3114.contig	../phame_euvesicatoria_project/workdir/X._phaseoli_ATCC_49119_T.contig	93.9095	1509	1672
../phame_euvesicatoria_project/workdir/[X._campestris]_pv._merremiae_NCPPB_3114.contig	../phame_euvesicatoria_project/workdir/X._euvesicatoria_pv._euvesicatoria_LMG_27970_T.contig	93.8495	1067	1672
../phame_euvesicatoria_project/workdir/[X._campestris]_pv._merremiae_NCPPB_3114.contig	../phame_euvesicatoria_project/workdir/X._axonopodis_LMG_982_T.contig	93.0117	1000	1672
../phame_euvesicatoria_project/workdir/[X._campestris]_pv._merremiae_NCPPB_3114.contig	../phame_euvesicatoria_project/ref/X._campestris_pv._campestris_ATCC_33913_T.fasta	85.8056	1315	1672
../phame_euvesicatoria_project/workdir/[X._campestris]_pv._mirabilis_NCPPB_4348.contig	../phame_euvesicatoria_project/workdir/X._perforans_DSM_18975_T.contig	98.5921	1579	1683
../phame_euvesicatoria_project/workdir/[X._campestris]_pv._mirabilis_NCPPB_4348.contig	../phame_euvesicatoria_project/workdir/X._euvesicatoria_pv._euvesicatoria_LMG_27970_T.contig	98.0031	1100	1683
../phame_euvesicatoria_project/workdir/[X._campestris]_pv._mirabilis_NCPPB_4348.contig	../phame_euvesicatoria_project/workdir/X._cissicola_LMG21719_T.contig	94.4714	1379	1683
../phame_euvesicatoria_project/workdir/[X._campestris]_pv._mirabilis_NCPPB_4348.contig	../phame_euvesicatoria_project/workdir/X._citri_LMG_9322_T.contig	94.3593	1416	1683
../phame_euvesicatoria_project/workdir/[X._campestris]_pv._mirabilis_NCPPB_4348.contig	../phame_euvesicatoria_project/workdir/X._phaseoli_ATCC_49119_T.contig	94.1723	1508	1683
../phame_euvesicatoria_project/workdir/[X._campestris]_pv._mirabilis_NCPPB_4348.contig	../phame_euvesicatoria_project/workdir/X._axonopodis_LMG_982_T.contig	93.2017	996	1683
../phame_euvesicatoria_project/workdir/[X._campestris]_pv._mirabilis_NCPPB_4348.contig	../phame_euvesicatoria_project/ref/X._campestris_pv._campestris_ATCC_33913_T.fasta	85.8416	1327	1683
../phame_euvesicatoria_project/workdir/[X._campestris]_pv._obscurae_NCPPB_3759.contig	../phame_euvesicatoria_project/workdir/X._perforans_DSM_18975_T.contig	98.5671	1551	1640
../phame_euvesicatoria_project/workdir/[X._campestris]_pv._obscurae_NCPPB_3759.contig	../phame_euvesicatoria_project/workdir/X._euvesicatoria_pv._euvesicatoria_LMG_27970_T.contig	98.4181	1097	1640
../phame_euvesicatoria_project/workdir/[X._campestris]_pv._obscurae_NCPPB_3759.contig	../phame_euvesicatoria_project/workdir/X._cissicola_LMG21719_T.contig	94.4945	1378	1640
../phame_euvesicatoria_project/workdir/[X._campestris]_pv._obscurae_NCPPB_3759.contig	../phame_euvesicatoria_project/workdir/X._citri_LMG_9322_T.contig	94.3706	1406	1640
../phame_euvesicatoria_project/workdir/[X._campestris]_pv._obscurae_NCPPB_3759.contig	../phame_euvesicatoria_project/workdir/X._phaseoli_ATCC_49119_T.contig	94.1056	1498	1640
../phame_euvesicatoria_project/workdir/[X._campestris]_pv._obscurae_NCPPB_3759.contig	../phame_euvesicatoria_project/workdir/X._axonopodis_LMG_982_T.contig	93.1156	991	1640
../phame_euvesicatoria_project/workdir/[X._campestris]_pv._obscurae_NCPPB_3759.contig	../phame_euvesicatoria_project/ref/X._campestris_pv._campestris_ATCC_33913_T.fasta	85.9339	1311	1640
../phame_euvesicatoria_project/workdir/[X._campestris]_pv._paulliniae_NCPPB_3079.contig	../phame_euvesicatoria_project/workdir/X._perforans_DSM_18975_T.contig	98.1811	1526	1594
../phame_euvesicatoria_project/workdir/[X._campestris]_pv._paulliniae_NCPPB_3079.contig	../phame_euvesicatoria_project/workdir/X._euvesicatoria_pv._euvesicatoria_LMG_27970_T.contig	97.6857	1078	1594
../phame_euvesicatoria_project/workdir/[X._campestris]_pv._paulliniae_NCPPB_3079.contig	../phame_euvesicatoria_project/workdir/X._cissicola_LMG21719_T.contig	94.4947	1355	1594
../phame_euvesicatoria_project/workdir/[X._campestris]_pv._paulliniae_NCPPB_3079.contig	../phame_euvesicatoria_project/workdir/X._phaseoli_ATCC_49119_T.contig	94.3695	1487	1594
../phame_euvesicatoria_project/workdir/[X._campestris]_pv._paulliniae_NCPPB_3079.contig	../phame_euvesicatoria_project/workdir/X._citri_LMG_9322_T.contig	94.3553	1413	1594
../phame_euvesicatoria_project/workdir/[X._campestris]_pv._paulliniae_NCPPB_3079.contig	../phame_euvesicatoria_project/workdir/X._axonopodis_LMG_982_T.contig	93.2453	987	1594
../phame_euvesicatoria_project/workdir/[X._campestris]_pv._paulliniae_NCPPB_3079.contig	../phame_euvesicatoria_project/ref/X._campestris_pv._campestris_ATCC_33913_T.fasta	85.8515	1303	1594
../phame_euvesicatoria_project/workdir/[X._campestris]_pv._pennamericanum_NCPPB_4349.contig	../phame_euvesicatoria_project/workdir/X._perforans_DSM_18975_T.contig	97.948	1523	1624
../phame_euvesicatoria_project/workdir/[X._campestris]_pv._pennamericanum_NCPPB_4349.contig	../phame_euvesicatoria_project/workdir/X._euvesicatoria_pv._euvesicatoria_LMG_27970_T.contig	97.4529	1075	1624
../phame_euvesicatoria_project/workdir/[X._campestris]_pv._pennamericanum_NCPPB_4349.contig	../phame_euvesicatoria_project/workdir/X._cissicola_LMG21719_T.contig	94.3715	1367	1624
../phame_euvesicatoria_project/workdir/[X._campestris]_pv._pennamericanum_NCPPB_4349.contig	../phame_euvesicatoria_project/workdir/X._citri_LMG_9322_T.contig	94.266	1399	1624
../phame_euvesicatoria_project/workdir/[X._campestris]_pv._pennamericanum_NCPPB_4349.contig	../phame_euvesicatoria_project/workdir/X._phaseoli_ATCC_49119_T.contig	94.0361	1485	1624
../phame_euvesicatoria_project/workdir/[X._campestris]_pv._pennamericanum_NCPPB_4349.contig	../phame_euvesicatoria_project/workdir/X._axonopodis_LMG_982_T.contig	93.1668	993	1624
../phame_euvesicatoria_project/workdir/[X._campestris]_pv._pennamericanum_NCPPB_4349.contig	../phame_euvesicatoria_project/ref/X._campestris_pv._campestris_ATCC_33913_T.fasta	85.8007	1326	1624
../phame_euvesicatoria_project/workdir/[X._campestris]_pv._spermacoces_NCPPB_1760.contig	../phame_euvesicatoria_project/workdir/X._perforans_DSM_18975_T.contig	98.5972	1559	1667
../phame_euvesicatoria_project/workdir/[X._campestris]_pv._spermacoces_NCPPB_1760.contig	../phame_euvesicatoria_project/workdir/X._euvesicatoria_pv._euvesicatoria_LMG_27970_T.contig	97.8295	1094	1667
../phame_euvesicatoria_project/workdir/[X._campestris]_pv._spermacoces_NCPPB_1760.contig	../phame_euvesicatoria_project/workdir/X._cissicola_LMG21719_T.contig	94.6178	1390	1667
../phame_euvesicatoria_project/workdir/[X._campestris]_pv._spermacoces_NCPPB_1760.contig	../phame_euvesicatoria_project/workdir/X._citri_LMG_9322_T.contig	94.4956	1438	1667
../phame_euvesicatoria_project/workdir/[X._campestris]_pv._spermacoces_NCPPB_1760.contig	../phame_euvesicatoria_project/workdir/X._phaseoli_ATCC_49119_T.contig	94.096	1499	1667
../phame_euvesicatoria_project/workdir/[X._campestris]_pv._spermacoces_NCPPB_1760.contig	../phame_euvesicatoria_project/workdir/X._axonopodis_LMG_982_T.contig	93.1871	1001	1667
../phame_euvesicatoria_project/workdir/[X._campestris]_pv._spermacoces_NCPPB_1760.contig	../phame_euvesicatoria_project/ref/X._campestris_pv._campestris_ATCC_33913_T.fasta	85.861	1347	1667
../phame_euvesicatoria_project/workdir/[X._campestris]_pv._trichodesmae_NCPPB_585.contig	../phame_euvesicatoria_project/workdir/X._citri_LMG_9322_T.contig	96.1604	1462	1817
../phame_euvesicatoria_project/workdir/[X._campestris]_pv._trichodesmae_NCPPB_585.contig	../phame_euvesicatoria_project/workdir/X._cissicola_LMG21719_T.contig	96.1168	1446	1817
../phame_euvesicatoria_project/workdir/[X._campestris]_pv._trichodesmae_NCPPB_585.contig	../phame_euvesicatoria_project/workdir/X._perforans_DSM_18975_T.contig	94.2316	1513	1817
../phame_euvesicatoria_project/workdir/[X._campestris]_pv._trichodesmae_NCPPB_585.contig	../phame_euvesicatoria_project/workdir/X._phaseoli_ATCC_49119_T.contig	93.8204	1505	1817
../phame_euvesicatoria_project/workdir/[X._campestris]_pv._trichodesmae_NCPPB_585.contig	../phame_euvesicatoria_project/workdir/X._euvesicatoria_pv._euvesicatoria_LMG_27970_T.contig	93.7676	1079	1817
../phame_euvesicatoria_project/workdir/[X._campestris]_pv._trichodesmae_NCPPB_585.contig	../phame_euvesicatoria_project/workdir/X._axonopodis_LMG_982_T.contig	93.0415	989	1817
../phame_euvesicatoria_project/workdir/[X._campestris]_pv._trichodesmae_NCPPB_585.contig	../phame_euvesicatoria_project/ref/X._campestris_pv._campestris_ATCC_33913_T.fasta	85.834	1317	1817
../phame_euvesicatoria_project/workdir/[X._campestris]_pv._uppalii_NCPPB_586.contig	../phame_euvesicatoria_project/workdir/X._perforans_DSM_18975_T.contig	98.5577	1555	1629
../phame_euvesicatoria_project/workdir/[X._campestris]_pv._uppalii_NCPPB_586.contig	../phame_euvesicatoria_project/workdir/X._euvesicatoria_pv._euvesicatoria_LMG_27970_T.contig	98.3825	1082	1629
../phame_euvesicatoria_project/workdir/[X._campestris]_pv._uppalii_NCPPB_586.contig	../phame_euvesicatoria_project/workdir/X._cissicola_LMG21719_T.contig	94.4804	1383	1629
../phame_euvesicatoria_project/workdir/[X._campestris]_pv._uppalii_NCPPB_586.contig	../phame_euvesicatoria_project/workdir/X._citri_LMG_9322_T.contig	94.3733	1400	1629
../phame_euvesicatoria_project/workdir/[X._campestris]_pv._uppalii_NCPPB_586.contig	../phame_euvesicatoria_project/workdir/X._phaseoli_ATCC_49119_T.contig	94.0887	1505	1629
../phame_euvesicatoria_project/workdir/[X._campestris]_pv._uppalii_NCPPB_586.contig	../phame_euvesicatoria_project/workdir/X._axonopodis_LMG_982_T.contig	93.1639	1007	1629
../phame_euvesicatoria_project/workdir/[X._campestris]_pv._uppalii_NCPPB_586.contig	../phame_euvesicatoria_project/ref/X._campestris_pv._campestris_ATCC_33913_T.fasta	85.95	1295	1629
../phame_euvesicatoria_project/workdir/[X._campestris]_pv._vernoniae_NCPPB_1787.contig	../phame_euvesicatoria_project/workdir/X._perforans_DSM_18975_T.contig	98.7064	1525	1601
../phame_euvesicatoria_project/workdir/[X._campestris]_pv._vernoniae_NCPPB_1787.contig	../phame_euvesicatoria_project/workdir/X._euvesicatoria_pv._euvesicatoria_LMG_27970_T.contig	98.1022	1065	1601
../phame_euvesicatoria_project/workdir/[X._campestris]_pv._vernoniae_NCPPB_1787.contig	../phame_euvesicatoria_project/workdir/X._cissicola_LMG21719_T.contig	94.5272	1372	1601
../phame_euvesicatoria_project/workdir/[X._campestris]_pv._vernoniae_NCPPB_1787.contig	../phame_euvesicatoria_project/workdir/X._citri_LMG_9322_T.contig	94.4113	1392	1601
../phame_euvesicatoria_project/workdir/[X._campestris]_pv._vernoniae_NCPPB_1787.contig	../phame_euvesicatoria_project/workdir/X._phaseoli_ATCC_49119_T.contig	94.1756	1486	1601
../phame_euvesicatoria_project/workdir/[X._campestris]_pv._vernoniae_NCPPB_1787.contig	../phame_euvesicatoria_project/workdir/X._axonopodis_LMG_982_T.contig	93.3068	985	1601
../phame_euvesicatoria_project/workdir/[X._campestris]_pv._vernoniae_NCPPB_1787.contig	../phame_euvesicatoria_project/ref/X._campestris_pv._campestris_ATCC_33913_T.fasta	85.9474	1307	1601
../phame_euvesicatoria_project/workdir/[X._campestris]_pv._viegasii_NCPPB_4351.contig	../phame_euvesicatoria_project/workdir/X._perforans_DSM_18975_T.contig	98.6902	1556	1653
../phame_euvesicatoria_project/workdir/[X._campestris]_pv._viegasii_NCPPB_4351.contig	../phame_euvesicatoria_project/workdir/X._euvesicatoria_pv._euvesicatoria_LMG_27970_T.contig	98.0517	1104	1653
../phame_euvesicatoria_project/workdir/[X._campestris]_pv._viegasii_NCPPB_4351.contig	../phame_euvesicatoria_project/workdir/X._cissicola_LMG21719_T.contig	94.5302	1365	1653
../phame_euvesicatoria_project/workdir/[X._campestris]_pv._viegasii_NCPPB_4351.contig	../phame_euvesicatoria_project/workdir/X._citri_LMG_9322_T.contig	94.3109	1407	1653
../phame_euvesicatoria_project/workdir/[X._campestris]_pv._viegasii_NCPPB_4351.contig	../phame_euvesicatoria_project/workdir/X._phaseoli_ATCC_49119_T.contig	94.1751	1490	1653
../phame_euvesicatoria_project/workdir/[X._campestris]_pv._viegasii_NCPPB_4351.contig	../phame_euvesicatoria_project/workdir/X._axonopodis_LMG_982_T.contig	93.1741	1008	1653
../phame_euvesicatoria_project/workdir/[X._campestris]_pv._viegasii_NCPPB_4351.contig	../phame_euvesicatoria_project/ref/X._campestris_pv._campestris_ATCC_33913_T.fasta	85.9446	1297	1653
../phame_euvesicatoria_project/workdir/[X._campestris]_pv._zingibericola_NCPPB_4352.contig	../phame_euvesicatoria_project/workdir/X._perforans_DSM_18975_T.contig	98.8514	1552	1625
../phame_euvesicatoria_project/workdir/[X._campestris]_pv._zingibericola_NCPPB_4352.contig	../phame_euvesicatoria_project/workdir/X._euvesicatoria_pv._euvesicatoria_LMG_27970_T.contig	98.0955	1081	1625
../phame_euvesicatoria_project/workdir/[X._campestris]_pv._zingibericola_NCPPB_4352.contig	../phame_euvesicatoria_project/workdir/X._cissicola_LMG21719_T.contig	94.6469	1361	1625
../phame_euvesicatoria_project/workdir/[X._campestris]_pv._zingibericola_NCPPB_4352.contig	../phame_euvesicatoria_project/workdir/X._citri_LMG_9322_T.contig	94.4741	1406	1625
../phame_euvesicatoria_project/workdir/[X._campestris]_pv._zingibericola_NCPPB_4352.contig	../phame_euvesicatoria_project/workdir/X._phaseoli_ATCC_49119_T.contig	94.2298	1481	1625
../phame_euvesicatoria_project/workdir/[X._campestris]_pv._zingibericola_NCPPB_4352.contig	../phame_euvesicatoria_project/workdir/X._axonopodis_LMG_982_T.contig	93.2481	988	1625
../phame_euvesicatoria_project/workdir/[X._campestris]_pv._zingibericola_NCPPB_4352.contig	../phame_euvesicatoria_project/ref/X._campestris_pv._campestris_ATCC_33913_T.fasta	85.8823	1302	1625
